TN:
SF:src/App.jsx
FN:21,App
FNF:1
FNH:0
FNDA:0,App
DA:22,0
LF:1
LH:0
BRF:0
BRH:0
end_of_record
TN:
SF:src/main.jsx
FNF:0
FNH:0
DA:6,0
LF:1
LH:0
BRF:0
BRH:0
end_of_record
TN:
SF:src/Components/about/About.jsx
FN:1,About
FN:209,(anonymous_1)
FNF:2
FNH:0
FNDA:0,About
FNDA:0,(anonymous_1)
DA:2,0
DA:209,0
LF:2
LH:0
BRF:0
BRH:0
end_of_record
TN:
SF:src/Components/footer/Footer.jsx
FN:3,Footer
FNF:1
FNH:0
FNDA:0,Footer
DA:4,0
LF:1
LH:0
BRF:0
BRH:0
end_of_record
TN:
SF:src/Components/header/Header.jsx
FN:6,Header
FN:10,(anonymous_1)
FN:17,(anonymous_2)
FN:27,(anonymous_3)
FN:255,(anonymous_4)
FN:266,(anonymous_5)
FN:277,(anonymous_6)
FN:304,(anonymous_7)
FN:308,(anonymous_8)
FN:317,(anonymous_9)
FN:322,(anonymous_10)
FN:327,(anonymous_11)
FN:332,(anonymous_12)
FN:337,(anonymous_13)
FN:342,(anonymous_14)
FN:349,(anonymous_15)
FN:354,(anonymous_16)
FN:359,(anonymous_17)
FN:364,(anonymous_18)
FN:371,(anonymous_19)
FN:376,(anonymous_20)
FN:381,(anonymous_21)
FN:386,(anonymous_22)
FN:391,(anonymous_23)
FN:396,(anonymous_24)
FN:401,(anonymous_25)
FN:408,(anonymous_26)
FN:413,(anonymous_27)
FN:418,(anonymous_28)
FN:423,(anonymous_29)
FN:428,(anonymous_30)
FN:433,(anonymous_31)
FN:438,(anonymous_32)
FN:447,(anonymous_33)
FN:452,(anonymous_34)
FN:457,(anonymous_35)
FN:462,(anonymous_36)
FN:467,(anonymous_37)
FN:472,(anonymous_38)
FN:479,(anonymous_39)
FN:484,(anonymous_40)
FN:489,(anonymous_41)
FN:494,(anonymous_42)
FN:501,(anonymous_43)
FN:506,(anonymous_44)
FN:511,(anonymous_45)
FN:518,(anonymous_46)
FN:523,(anonymous_47)
FN:528,(anonymous_48)
FN:533,(anonymous_49)
FN:542,(anonymous_50)
FN:547,(anonymous_51)
FN:552,(anonymous_52)
FN:557,(anonymous_53)
FN:562,(anonymous_54)
FN:567,(anonymous_55)
FN:572,(anonymous_56)
FN:577,(anonymous_57)
FN:582,(anonymous_58)
FN:592,(anonymous_59)
FN:597,(anonymous_60)
FN:602,(anonymous_61)
FN:608,(anonymous_62)
FN:612,(anonymous_63)
FN:617,(anonymous_64)
FN:623,(anonymous_65)
FN:627,(anonymous_66)
FN:632,(anonymous_67)
FN:637,(anonymous_68)
FN:642,(anonymous_69)
FNF:70
FNH:0
FNDA:0,Header
FNDA:0,(anonymous_1)
FNDA:0,(anonymous_2)
FNDA:0,(anonymous_3)
FNDA:0,(anonymous_4)
FNDA:0,(anonymous_5)
FNDA:0,(anonymous_6)
FNDA:0,(anonymous_7)
FNDA:0,(anonymous_8)
FNDA:0,(anonymous_9)
FNDA:0,(anonymous_10)
FNDA:0,(anonymous_11)
FNDA:0,(anonymous_12)
FNDA:0,(anonymous_13)
FNDA:0,(anonymous_14)
FNDA:0,(anonymous_15)
FNDA:0,(anonymous_16)
FNDA:0,(anonymous_17)
FNDA:0,(anonymous_18)
FNDA:0,(anonymous_19)
FNDA:0,(anonymous_20)
FNDA:0,(anonymous_21)
FNDA:0,(anonymous_22)
FNDA:0,(anonymous_23)
FNDA:0,(anonymous_24)
FNDA:0,(anonymous_25)
FNDA:0,(anonymous_26)
FNDA:0,(anonymous_27)
FNDA:0,(anonymous_28)
FNDA:0,(anonymous_29)
FNDA:0,(anonymous_30)
FNDA:0,(anonymous_31)
FNDA:0,(anonymous_32)
FNDA:0,(anonymous_33)
FNDA:0,(anonymous_34)
FNDA:0,(anonymous_35)
FNDA:0,(anonymous_36)
FNDA:0,(anonymous_37)
FNDA:0,(anonymous_38)
FNDA:0,(anonymous_39)
FNDA:0,(anonymous_40)
FNDA:0,(anonymous_41)
FNDA:0,(anonymous_42)
FNDA:0,(anonymous_43)
FNDA:0,(anonymous_44)
FNDA:0,(anonymous_45)
FNDA:0,(anonymous_46)
FNDA:0,(anonymous_47)
FNDA:0,(anonymous_48)
FNDA:0,(anonymous_49)
FNDA:0,(anonymous_50)
FNDA:0,(anonymous_51)
FNDA:0,(anonymous_52)
FNDA:0,(anonymous_53)
FNDA:0,(anonymous_54)
FNDA:0,(anonymous_55)
FNDA:0,(anonymous_56)
FNDA:0,(anonymous_57)
FNDA:0,(anonymous_58)
FNDA:0,(anonymous_59)
FNDA:0,(anonymous_60)
FNDA:0,(anonymous_61)
FNDA:0,(anonymous_62)
FNDA:0,(anonymous_63)
FNDA:0,(anonymous_64)
FNDA:0,(anonymous_65)
FNDA:0,(anonymous_66)
FNDA:0,(anonymous_67)
FNDA:0,(anonymous_68)
FNDA:0,(anonymous_69)
DA:7,0
DA:10,0
DA:11,0
DA:12,0
DA:16,0
DA:17,0
DA:18,0
DA:19,0
DA:21,0
DA:27,0
DA:28,0
DA:29,0
DA:34,0
DA:255,0
DA:266,0
DA:277,0
DA:304,0
DA:308,0
DA:317,0
DA:322,0
DA:327,0
DA:332,0
DA:337,0
DA:342,0
DA:349,0
DA:354,0
DA:359,0
DA:364,0
DA:371,0
DA:376,0
DA:381,0
DA:386,0
DA:391,0
DA:396,0
DA:401,0
DA:408,0
DA:413,0
DA:418,0
DA:423,0
DA:428,0
DA:433,0
DA:438,0
DA:447,0
DA:452,0
DA:457,0
DA:462,0
DA:467,0
DA:472,0
DA:479,0
DA:484,0
DA:489,0
DA:494,0
DA:501,0
DA:506,0
DA:511,0
DA:518,0
DA:523,0
DA:528,0
DA:533,0
DA:542,0
DA:547,0
DA:552,0
DA:557,0
DA:562,0
DA:567,0
DA:572,0
DA:577,0
DA:582,0
DA:592,0
DA:597,0
DA:602,0
DA:608,0
DA:612,0
DA:617,0
DA:623,0
DA:627,0
DA:632,0
DA:637,0
DA:642,0
LF:79
LH:0
BRDA:16,0,0,0
BRDA:16,0,1,0
BRDA:16,1,0,0
BRDA:16,1,1,0
BRDA:18,2,0,0
BRDA:18,2,1,0
BRDA:18,3,0,0
BRDA:18,3,1,0
BRDA:28,4,0,0
BRDA:28,4,1,0
BRDA:144,5,0,0
BRDA:144,5,1,0
BRDA:145,6,0,0
BRDA:145,6,1,0
BRDA:146,7,0,0
BRDA:146,7,1,0
BRDA:147,8,0,0
BRDA:147,8,1,0
BRDA:153,9,0,0
BRDA:153,9,1,0
BRDA:200,10,0,0
BRDA:200,10,1,0
BRDA:201,11,0,0
BRDA:201,11,1,0
BRDA:202,12,0,0
BRDA:202,12,1,0
BRDA:203,13,0,0
BRDA:203,13,1,0
BRF:28
BRH:0
end_of_record
TN:
SF:src/Components/home/Home.jsx
FN:5,Home
FNF:1
FNH:0
FNDA:0,Home
DA:6,0
LF:1
LH:0
BRF:0
BRH:0
end_of_record
TN:
SF:src/Components/login/Login.jsx
FN:12,Login
FN:18,(anonymous_1)
FNF:2
FNH:2
FNDA:13,Login
FNDA:3,(anonymous_1)
DA:7,1
DA:13,13
DA:14,13
DA:15,13
DA:18,13
DA:19,3
DA:20,3
DA:21,1
DA:23,2
DA:31,13
DA:33,13
LF:11
LH:11
BRDA:89,0,0,13
BRDA:89,0,1,2
BRF:2
BRH:2
end_of_record
TN:
SF:src/Components/logout/Logout.jsx
FN:4,Logout
FNF:1
FNH:0
FNDA:0,Logout
DA:5,0
DA:7,0
DA:9,0
LF:3
LH:0
BRF:0
BRH:0
end_of_record
TN:
SF:src/Components/my-account/My-Account.jsx
FN:6,MyAccount
FN:12,(anonymous_1)
FN:13,(anonymous_2)
FN:32,(anonymous_3)
FN:98,(anonymous_4)
FNF:5
FNH:5
FNDA:6,MyAccount
FNDA:3,(anonymous_1)
FNDA:3,(anonymous_2)
FNDA:4,(anonymous_3)
FNDA:4,(anonymous_4)
DA:7,6
DA:8,6
DA:9,6
DA:10,6
DA:12,6
DA:13,3
DA:14,3
DA:15,3
DA:16,3
DA:17,3
DA:18,3
DA:20,0
DA:21,0
DA:23,3
DA:27,3
DA:28,3
DA:32,6
DA:33,4
DA:34,4
DA:35,20
DA:41,4
DA:44,6
DA:99,4
LF:23
LH:21
BRDA:27,0,0,3
BRDA:27,0,1,0
BRDA:36,1,0,18
BRDA:36,1,1,2
BRDA:90,2,0,3
BRDA:90,2,1,3
BRDA:92,3,0,0
BRDA:92,3,1,3
BRDA:94,4,0,1
BRDA:94,4,1,2
BRDA:94,5,0,3
BRDA:94,5,1,3
BRF:12
BRH:10
end_of_record
TN:
SF:src/Components/part-catalog/PartCatalog.jsx
FN:7,PartCatalog
FN:96,(anonymous_1)
FNF:2
FNH:0
FNDA:0,PartCatalog
FNDA:0,(anonymous_1)
DA:8,0
DA:10,0
DA:96,0
LF:3
LH:0
BRDA:95,0,0,0
BRDA:95,0,1,0
BRF:2
BRH:0
end_of_record
TN:
SF:src/Components/part-catalog/part-catalog-item/PartCatalogItem.jsx
FN:3,PartCatalogItem
FN:10,(anonymous_1)
FNF:2
FNH:2
FNDA:5,PartCatalogItem
FNDA:5,(anonymous_1)
DA:10,5
DA:11,5
DA:12,5
DA:13,25
DA:19,5
DA:22,5
LF:6
LH:6
BRDA:14,0,0,19
BRDA:14,0,1,6
BRF:2
BRH:2
end_of_record
TN:
SF:src/Components/part-details/PartDetails.jsx
FN:18,PartDetails
FN:32,(anonymous_1)
FN:37,(anonymous_2)
FN:53,(anonymous_3)
FN:64,(anonymous_4)
FN:70,(anonymous_5)
FN:82,(anonymous_6)
FN:179,(anonymous_7)
FN:192,(anonymous_8)
FN:255,(anonymous_9)
FN:273,(anonymous_10)
FN:280,(anonymous_11)
FNF:12
FNH:0
FNDA:0,PartDetails
FNDA:0,(anonymous_1)
FNDA:0,(anonymous_2)
FNDA:0,(anonymous_3)
FNDA:0,(anonymous_4)
FNDA:0,(anonymous_5)
FNDA:0,(anonymous_6)
FNDA:0,(anonymous_7)
FNDA:0,(anonymous_8)
FNDA:0,(anonymous_9)
FNDA:0,(anonymous_10)
FNDA:0,(anonymous_11)
DA:11,0
DA:19,0
DA:20,0
DA:21,0
DA:23,0
DA:24,0
DA:25,0
DA:26,0
DA:32,0
DA:33,0
DA:34,0
DA:37,0
DA:40,0
DA:43,0
DA:44,0
DA:47,0
DA:49,0
DA:53,0
DA:54,0
DA:55,0
DA:57,0
DA:58,0
DA:60,0
DA:64,0
DA:66,0
DA:70,0
DA:71,0
DA:72,0
DA:73,0
DA:79,0
DA:82,0
DA:83,0
DA:84,0
DA:85,0
DA:86,0
DA:88,0
DA:89,0
DA:91,0
DA:93,0
DA:94,0
DA:95,0
DA:96,0
DA:97,0
DA:103,0
DA:105,0
DA:180,0
DA:181,0
DA:192,0
DA:256,0
DA:273,0
DA:280,0
LF:51
LH:0
BRDA:37,0,0,0
BRDA:37,0,1,0
BRDA:74,1,0,0
BRDA:74,1,1,0
BRDA:85,2,0,0
BRDA:85,2,1,0
BRDA:93,3,0,0
BRDA:93,3,1,0
BRDA:96,4,0,0
BRDA:96,4,1,0
BRDA:171,5,0,0
BRDA:171,5,1,0
BRDA:177,6,0,0
BRDA:177,6,1,0
BRDA:269,7,0,0
BRDA:269,7,1,0
BRDA:269,7,2,0
BRDA:292,8,0,0
BRDA:292,8,1,0
BRDA:301,9,0,0
BRDA:301,9,1,0
BRDA:350,10,0,0
BRDA:350,10,1,0
BRF:23
BRH:0
end_of_record
TN:
SF:src/Components/part-edit/PartEdit.jsx
FN:6,PartEdit
FN:26,(anonymous_1)
FN:33,(anonymous_2)
FN:62,(anonymous_3)
FN:66,(anonymous_4)
FN:74,(anonymous_5)
FN:81,(anonymous_6)
FN:265,(anonymous_7)
FN:290,(anonymous_8)
FNF:9
FNH:0
FNDA:0,PartEdit
FNDA:0,(anonymous_1)
FNDA:0,(anonymous_2)
FNDA:0,(anonymous_3)
FNDA:0,(anonymous_4)
FNDA:0,(anonymous_5)
FNDA:0,(anonymous_6)
FNDA:0,(anonymous_7)
FNDA:0,(anonymous_8)
DA:7,0
DA:8,0
DA:9,0
DA:11,0
DA:12,0
DA:13,0
DA:26,0
DA:27,0
DA:28,0
DA:29,0
DA:33,0
DA:34,0
DA:35,0
DA:37,0
DA:38,0
DA:51,0
DA:52,0
DA:54,0
DA:55,0
DA:59,0
DA:62,0
DA:63,0
DA:64,0
DA:65,0
DA:66,0
DA:74,0
DA:81,0
DA:82,0
DA:83,0
DA:84,0
DA:85,0
DA:86,0
DA:88,0
DA:90,0
DA:94,0
DA:95,0
DA:98,0
DA:99,0
DA:108,0
DA:266,0
DA:267,0
DA:268,0
DA:269,0
DA:271,0
DA:273,0
DA:291,0
DA:292,0
DA:293,0
DA:295,0
DA:297,0
LF:50
LH:0
BRDA:27,0,0,0
BRDA:27,0,1,0
BRDA:37,1,0,0
BRDA:37,1,1,0
BRDA:64,2,0,0
BRDA:64,2,1,0
BRDA:94,3,0,0
BRDA:94,3,1,0
BRDA:98,4,0,0
BRDA:98,4,1,0
BRDA:268,5,0,0
BRDA:268,5,1,0
BRDA:268,6,0,0
BRDA:268,6,1,0
BRDA:292,7,0,0
BRDA:292,7,1,0
BRDA:292,8,0,0
BRDA:292,8,1,0
BRDA:312,9,0,0
BRDA:312,9,1,0
BRF:20
BRH:0
end_of_record
TN:
SF:src/Components/part-import/PartImport.jsx
FN:6,PartImport
FN:25,(anonymous_1)
FN:31,(anonymous_2)
FN:35,(anonymous_3)
FN:43,(anonymous_4)
FN:50,(anonymous_5)
FN:222,(anonymous_6)
FN:247,(anonymous_7)
FNF:8
FNH:6
FNDA:15,PartImport
FNDA:5,(anonymous_1)
FNDA:10,(anonymous_2)
FNDA:0,(anonymous_3)
FNDA:10,(anonymous_4)
FNDA:0,(anonymous_5)
FNDA:1,(anonymous_6)
FNDA:2,(anonymous_7)
DA:7,15
DA:8,15
DA:9,15
DA:11,15
DA:12,15
DA:25,15
DA:26,5
DA:27,0
DA:31,15
DA:32,10
DA:33,10
DA:34,0
DA:35,0
DA:43,10
DA:50,15
DA:51,0
DA:52,0
DA:53,0
DA:55,0
DA:57,0
DA:61,15
DA:62,0
DA:65,15
DA:223,1
DA:224,1
DA:225,1
DA:226,0
DA:228,1
DA:230,1
DA:248,2
DA:249,2
DA:250,1
DA:252,1
DA:254,2
LF:34
LH:24
BRDA:26,0,0,0
BRDA:26,0,1,5
BRDA:33,1,0,0
BRDA:33,1,1,10
BRDA:61,2,0,0
BRDA:61,2,1,15
BRDA:225,3,0,0
BRDA:225,3,1,1
BRDA:225,4,0,1
BRDA:225,4,1,1
BRDA:249,5,0,1
BRDA:249,5,1,1
BRDA:249,6,0,2
BRDA:249,6,1,2
BRDA:264,7,0,15
BRDA:264,7,1,1
BRF:16
BRH:12
end_of_record
TN:
SF:src/Components/product/Product.jsx
FN:10,Product
FN:13,(anonymous_1)
FN:14,(anonymous_2)
FN:32,(anonymous_3)
FN:55,(anonymous_4)
FN:84,(anonymous_5)
FN:91,(anonymous_6)
FN:97,(anonymous_7)
FN:104,(anonymous_8)
FN:110,(anonymous_9)
FN:117,(anonymous_10)
FN:126,(anonymous_11)
FN:145,(anonymous_12)
FNF:13
FNH:0
FNDA:0,Product
FNDA:0,(anonymous_1)
FNDA:0,(anonymous_2)
FNDA:0,(anonymous_3)
FNDA:0,(anonymous_4)
FNDA:0,(anonymous_5)
FNDA:0,(anonymous_6)
FNDA:0,(anonymous_7)
FNDA:0,(anonymous_8)
FNDA:0,(anonymous_9)
FNDA:0,(anonymous_10)
FNDA:0,(anonymous_11)
FNDA:0,(anonymous_12)
DA:11,0
DA:13,0
DA:14,0
DA:15,0
DA:16,0
DA:17,0
DA:18,0
DA:19,0
DA:20,0
DA:23,0
DA:24,0
DA:26,0
DA:27,0
DA:32,0
DA:33,0
DA:35,0
DA:36,0
DA:40,0
DA:55,0
DA:57,0
DA:58,0
DA:60,0
DA:61,0
DA:62,0
DA:68,0
DA:69,0
DA:71,0
DA:72,0
DA:73,0
DA:79,0
DA:84,0
DA:86,0
DA:88,0
DA:91,0
DA:92,0
DA:96,0
DA:97,0
DA:98,0
DA:99,0
DA:103,0
DA:104,0
DA:105,0
DA:109,0
DA:110,0
DA:111,0
DA:117,0
DA:118,0
DA:119,0
DA:123,0
DA:126,0
DA:127,0
DA:128,0
DA:129,0
DA:134,0
DA:145,0
LF:55
LH:0
BRDA:17,0,0,0
BRDA:17,0,1,0
BRDA:17,1,0,0
BRDA:17,1,1,0
BRDA:33,2,0,0
BRDA:33,2,1,0
BRDA:35,3,0,0
BRDA:35,3,1,0
BRDA:58,4,0,0
BRDA:58,4,1,0
BRDA:61,5,0,0
BRDA:61,5,1,0
BRDA:61,6,0,0
BRDA:61,6,1,0
BRDA:69,7,0,0
BRDA:69,7,1,0
BRDA:72,8,0,0
BRDA:72,8,1,0
BRDA:72,9,0,0
BRDA:72,9,1,0
BRDA:88,10,0,0
BRDA:88,10,1,0
BRDA:103,11,0,0
BRDA:103,11,1,0
BRDA:118,12,0,0
BRDA:118,12,1,0
BRDA:128,13,0,0
BRDA:128,13,1,0
BRDA:144,14,0,0
BRDA:144,14,1,0
BRF:30
BRH:0
end_of_record
TN:
SF:src/Components/product/latestParts/LatestPart.jsx
FN:3,LatestPart
FN:10,(anonymous_1)
FNF:2
FNH:0
FNDA:0,LatestPart
FNDA:0,(anonymous_1)
DA:10,0
DA:11,0
DA:12,0
DA:13,0
DA:19,0
DA:22,0
LF:6
LH:0
BRDA:14,0,0,0
BRDA:14,0,1,0
BRF:2
BRH:0
end_of_record
TN:
SF:src/Components/register/Register.jsx
FN:13,Register
FN:18,(anonymous_1)
FNF:2
FNH:0
FNDA:0,Register
FNDA:0,(anonymous_1)
DA:7,0
DA:14,0
DA:15,0
DA:16,0
DA:18,0
DA:19,0
DA:20,0
DA:21,0
DA:23,0
DA:24,0
DA:25,0
DA:27,0
DA:28,0
DA:36,0
DA:38,0
LF:15
LH:0
BRDA:19,0,0,0
BRDA:19,0,1,0
BRDA:92,1,0,0
BRDA:92,1,1,0
BRF:4
BRH:0
end_of_record
TN:
SF:src/Components/shipping/Shipping.jsx
FN:1,Shipping
FNF:1
FNH:0
FNDA:0,Shipping
DA:2,0
LF:1
LH:0
BRF:0
BRH:0
end_of_record
TN:
SF:src/Components/slider/Slider.jsx
FN:8,Slider
FN:9,(anonymous_1)
FN:26,(anonymous_2)
FN:132,(anonymous_3)
FNF:4
FNH:0
FNDA:0,Slider
FNDA:0,(anonymous_1)
FNDA:0,(anonymous_2)
FNDA:0,(anonymous_3)
DA:9,0
DA:11,0
DA:12,0
DA:16,0
DA:26,0
DA:28,0
DA:29,0
DA:31,0
DA:32,0
DA:33,0
DA:39,0
DA:40,0
DA:42,0
DA:43,0
DA:44,0
DA:50,0
DA:51,0
DA:53,0
DA:54,0
DA:55,0
DA:56,0
DA:57,0
DA:58,0
DA:59,0
DA:62,0
DA:63,0
DA:65,0
DA:66,0
DA:67,0
DA:68,0
DA:69,0
DA:70,0
DA:73,0
DA:74,0
DA:75,0
DA:76,0
DA:77,0
DA:78,0
DA:79,0
DA:82,0
DA:83,0
DA:85,0
DA:86,0
DA:87,0
DA:88,0
DA:89,0
DA:90,0
DA:94,0
DA:95,0
DA:128,0
DA:132,0
DA:134,0
DA:135,0
DA:136,0
DA:140,0
DA:141,0
DA:146,0
LF:57
LH:0
BRDA:11,0,0,0
BRDA:11,0,1,0
BRDA:29,1,0,0
BRDA:29,1,1,0
BRDA:32,2,0,0
BRDA:32,2,1,0
BRDA:32,3,0,0
BRDA:32,3,1,0
BRDA:40,4,0,0
BRDA:40,4,1,0
BRDA:43,5,0,0
BRDA:43,5,1,0
BRDA:43,6,0,0
BRDA:43,6,1,0
BRDA:53,7,0,0
BRDA:53,7,1,0
BRDA:62,8,0,0
BRDA:62,8,1,0
BRDA:73,9,0,0
BRDA:73,9,1,0
BRDA:82,10,0,0
BRDA:82,10,1,0
BRDA:135,11,0,0
BRDA:135,11,1,0
BRDA:140,12,0,0
BRDA:140,12,1,0
BRF:26
BRH:0
end_of_record
TN:
SF:src/api/auth-api.js
FN:5,(anonymous_0)
FN:7,(anonymous_1)
FN:9,(anonymous_2)
FNF:3
FNH:0
FNDA:0,(anonymous_0)
FNDA:0,(anonymous_1)
FNDA:0,(anonymous_2)
DA:3,1
DA:5,1
DA:7,1
DA:9,1
LF:4
LH:4
BRF:0
BRH:0
end_of_record
TN:
SF:src/api/comments-api.js
FN:5,(anonymous_0)
FN:7,(anonymous_1)
FNF:2
FNH:0
FNDA:0,(anonymous_0)
FNDA:0,(anonymous_1)
DA:3,0
DA:5,0
DA:7,0
DA:8,0
DA:13,0
DA:17,0
LF:6
LH:0
BRF:0
BRH:0
end_of_record
TN:
SF:src/api/offers-api.js
FN:5,(anonymous_0)
FNF:1
FNH:0
FNDA:0,(anonymous_0)
DA:3,1
DA:5,1
DA:6,0
DA:9,0
LF:4
LH:2
BRF:0
BRH:0
end_of_record
TN:
SF:src/api/parts-api.js
FN:5,(anonymous_0)
FN:8,(anonymous_1)
FN:24,(anonymous_2)
FN:26,(anonymous_3)
FN:28,(anonymous_4)
FN:30,(anonymous_5)
FNF:6
FNH:0
FNDA:0,(anonymous_0)
FNDA:0,(anonymous_1)
FNDA:0,(anonymous_2)
FNDA:0,(anonymous_3)
FNDA:0,(anonymous_4)
FNDA:0,(anonymous_5)
DA:3,1
DA:5,1
DA:6,0
DA:8,0
DA:9,0
DA:21,0
DA:24,1
DA:26,1
DA:28,1
DA:30,1
DA:32,1
LF:11
LH:7
BRF:0
BRH:0
end_of_record
TN:
SF:src/api/requester.js
FN:3,requester
FNF:1
FNH:0
FNDA:0,requester
DA:4,0
DA:6,0
DA:8,0
DA:9,0
DA:15,0
DA:16,0
DA:19,0
DA:20,0
DA:25,0
DA:28,0
DA:29,0
DA:30,0
DA:32,0
DA:34,0
DA:35,0
DA:38,0
DA:41,3
DA:42,3
DA:43,3
DA:44,3
LF:20
LH:4
BRDA:8,0,0,0
BRDA:8,0,1,0
BRDA:15,1,0,0
BRDA:15,1,1,0
BRDA:19,2,0,0
BRDA:19,2,1,0
BRDA:29,3,0,0
BRDA:29,3,1,0
BRDA:34,4,0,0
BRDA:34,4,1,0
BRF:10
BRH:0
end_of_record
TN:
SF:src/contexts/AuthContext.jsx
FN:11,(anonymous_0)
FN:12,(anonymous_1)
FN:15,AuthContextProvider
FN:18,(anonymous_3)
FN:22,(anonymous_4)
FN:42,useAuthcontext
FNF:6
FNH:1
FNDA:0,(anonymous_0)
FNDA:0,(anonymous_1)
FNDA:0,AuthContextProvider
FNDA:0,(anonymous_3)
FNDA:0,(anonymous_4)
FNDA:19,useAuthcontext
DA:6,3
DA:11,0
DA:12,0
DA:16,0
DA:18,0
DA:19,0
DA:22,0
DA:23,0
DA:26,0
DA:35,0
DA:43,19
DA:45,19
LF:12
LH:3
BRDA:11,0,0,0
BRF:1
BRH:0
end_of_record
TN:
SF:src/hooks/useAuth.js
FN:4,(anonymous_0)
FN:8,(anonymous_1)
FN:17,(anonymous_2)
FN:20,(anonymous_3)
FN:29,(anonymous_4)
FN:32,(anonymous_5)
FNF:6
FNH:2
FNDA:13,(anonymous_0)
FNDA:3,(anonymous_1)
FNDA:0,(anonymous_2)
FNDA:0,(anonymous_3)
FNDA:0,(anonymous_4)
FNDA:0,(anonymous_5)
DA:4,1
DA:6,13
DA:8,13
DA:9,3
DA:11,1
DA:12,1
DA:14,13
DA:17,1
DA:18,0
DA:20,0
DA:21,0
DA:23,0
DA:24,0
DA:26,0
DA:29,1
DA:30,0
DA:32,0
DA:33,0
DA:34,0
DA:36,0
LF:20
LH:9
BRF:0
BRH:0
end_of_record
TN:
SF:src/hooks/useComments.js
FN:4,useCreateComment
FN:5,(anonymous_1)
FN:7,(anonymous_2)
FN:10,(anonymous_3)
FN:17,useGetAllComments
FN:20,(anonymous_5)
FN:21,(anonymous_6)
FN:35,useDeleteComment
FN:36,(anonymous_8)
FN:38,(anonymous_9)
FN:41,(anonymous_10)
FN:47,useUpdateComment
FN:48,(anonymous_12)
FN:50,(anonymous_13)
FN:53,(anonymous_14)
FN:59,useGetComment
FN:60,(anonymous_16)
FN:62,(anonymous_17)
FN:65,(anonymous_18)
FNF:19
FNH:0
FNDA:0,useCreateComment
FNDA:0,(anonymous_1)
FNDA:0,(anonymous_2)
FNDA:0,(anonymous_3)
FNDA:0,useGetAllComments
FNDA:0,(anonymous_5)
FNDA:0,(anonymous_6)
FNDA:0,useDeleteComment
FNDA:0,(anonymous_8)
FNDA:0,(anonymous_9)
FNDA:0,(anonymous_10)
FNDA:0,useUpdateComment
FNDA:0,(anonymous_12)
FNDA:0,(anonymous_13)
FNDA:0,(anonymous_14)
FNDA:0,useGetComment
FNDA:0,(anonymous_16)
FNDA:0,(anonymous_17)
FNDA:0,(anonymous_18)
DA:5,0
DA:6,0
DA:8,0
DA:11,0
DA:14,0
DA:18,0
DA:20,0
DA:21,0
DA:22,0
DA:23,0
DA:24,0
DA:26,0
DA:31,0
DA:36,0
DA:37,0
DA:39,0
DA:42,0
DA:45,0
DA:48,0
DA:49,0
DA:51,0
DA:54,0
DA:57,0
DA:60,0
DA:61,0
DA:63,0
DA:66,0
DA:69,0
LF:28
LH:0
BRF:0
BRH:0
end_of_record
TN:
SF:src/hooks/useForm.js
FN:3,useForm
FN:6,(anonymous_1)
FN:7,(anonymous_2)
FN:13,(anonymous_3)
FN:18,(anonymous_4)
FNF:5
FNH:4
FNDA:13,useForm
FNDA:6,(anonymous_1)
FNDA:6,(anonymous_2)
FNDA:3,(anonymous_3)
FNDA:0,(anonymous_4)
DA:4,13
DA:6,13
DA:7,6
DA:13,13
DA:14,3
DA:15,3
DA:18,13
DA:19,0
DA:22,13
LF:9
LH:8
BRF:0
BRH:0
end_of_record
TN:
SF:src/hooks/useParts.js
FN:4,useGetAllParts
FN:7,(anonymous_1)
FN:8,(anonymous_2)
FN:18,useGetOnePart
FN:21,(anonymous_4)
FN:22,(anonymous_5)
FN:31,useCreatePart
FN:32,(anonymous_7)
FNF:8
FNH:0
FNDA:0,useGetAllParts
FNDA:0,(anonymous_1)
FNDA:0,(anonymous_2)
FNDA:0,useGetOnePart
FNDA:0,(anonymous_4)
FNDA:0,(anonymous_5)
FNDA:0,useCreatePart
FNDA:0,(anonymous_7)
DA:5,0
DA:7,0
DA:8,0
DA:9,0
DA:11,0
DA:15,0
DA:19,0
DA:21,0
DA:22,0
DA:23,0
DA:25,0
DA:29,0
DA:32,0
DA:34,0
LF:14
LH:0
BRF:0
BRH:0
end_of_record
TN:
SF:src/hooks/usePersistedState.js
FN:3,usePersistedState
FN:4,(anonymous_1)
FN:15,(anonymous_2)
FNF:3
FNH:0
FNDA:0,usePersistedState
FNDA:0,(anonymous_1)
FNDA:0,(anonymous_2)
DA:4,0
DA:5,0
DA:7,0
DA:8,0
DA:10,0
DA:12,0
DA:15,0
DA:16,0
DA:17,0
DA:18,0
DA:21,0
DA:22,0
DA:23,0
DA:25,0
DA:28,0
DA:31,0
LF:16
LH:0
BRDA:7,0,0,0
BRDA:7,0,1,0
BRDA:8,1,0,0
BRDA:8,1,1,0
BRDA:16,2,0,0
BRDA:16,2,1,0
BRDA:17,3,0,0
BRDA:17,3,1,0
BRDA:21,4,0,0
BRDA:21,4,1,0
BRDA:21,5,0,0
BRDA:21,5,1,0
BRF:12
BRH:0
end_of_record
TN:
SF:src/store/store.js
FNF:0
FNH:0
DA:5,1
LF:1
LH:1
BRF:0
BRH:0
end_of_record
TN:
SF:src/store/slices/authSlice.js
FN:14,(anonymous_0)
FN:20,(anonymous_1)
FNF:2
FNH:2
FNDA:1,(anonymous_0)
FNDA:1,(anonymous_1)
DA:3,4
DA:10,4
DA:15,1
DA:16,1
DA:17,1
DA:18,1
DA:21,1
DA:22,1
DA:23,1
DA:24,1
DA:29,4
LF:11
LH:11
BRF:0
BRH:0
end_of_record
TN:
SF:src/store/slices/partsSlice.js
FN:14,(anonymous_0)
FN:17,(anonymous_1)
FN:20,(anonymous_2)
FN:23,(anonymous_3)
FN:26,(anonymous_4)
FN:29,(anonymous_5)
FN:30,(anonymous_6)
FN:35,(anonymous_7)
FN:36,(anonymous_8)
FNF:9
FNH:6
FNDA:1,(anonymous_0)
FNDA:0,(anonymous_1)
FNDA:0,(anonymous_2)
FNDA:0,(anonymous_3)
FNDA:1,(anonymous_4)
FNDA:1,(anonymous_5)
FNDA:1,(anonymous_6)
FNDA:1,(anonymous_7)
FNDA:3,(anonymous_8)
DA:3,1
DA:10,1
DA:15,1
DA:18,0
DA:21,0
DA:24,0
DA:27,1
DA:30,1
DA:31,1
DA:32,1
DA:36,3
DA:49,1
LF:12
LH:9
BRDA:31,0,0,1
BRDA:31,0,1,0
BRF:2
BRH:1
end_of_record
TN:
SF:src/utils/authUtils.js
FN:1,(anonymous_0)
FNF:1
FNH:0
FNDA:0,(anonymous_0)
DA:1,3
DA:2,0
DA:4,0
DA:5,0
DA:8,0
DA:11,0
LF:6
LH:1
BRDA:4,0,0,0
BRDA:4,0,1,0
BRF:2
BRH:0
end_of_record
